<?xml version="1.0" encoding="UTF-8"?>
<!-- Generated by org.testng.reporters.JUnitReportReporter -->
<testsuite hostname="DESKTOP-JB2P8O7" failures="0" tests="1" name="testcases.TC002_coderedRegister" time="18.509" errors="0" timestamp="2023-07-18T23:26:04 IST" skipped="0">
  <testcase classname="testcases.TC002_coderedRegister" name="codered_test_Registration" time="18.509"/>
  <system-out/>
</testsuite> <!-- testcases.TC002_coderedRegister -->
