<?xml version="1.0" encoding="UTF-8"?>
<!-- Generated by org.testng.reporters.JUnitReportReporter -->
<testsuite hostname="Pavilian-HP-pc" failures="0" tests="1" name="testcases.TC002_coderedRegister" time="101.959" errors="0" timestamp="2023-07-19T23:09:20 IST" skipped="0">
  <testcase classname="testcases.TC002_coderedRegister" name="codered_test_Registration" time="101.959"/>
  <system-out/>
</testsuite> <!-- testcases.TC002_coderedRegister -->
