<?xml version="1.0" encoding="UTF-8"?>
<!-- Generated by org.testng.reporters.JUnitReportReporter -->
<testsuite hostname="DESKTOP-JB2P8O7" failures="0" tests="1" name="testcases.TC002_coderedRegister" time="286.718" errors="0" timestamp="2023-07-23T15:27:07 IST" skipped="0">
  <testcase classname="testcases.TC002_coderedRegister" name="Codered_test_Registration" time="286.718"/>
  <system-out/>
</testsuite> <!-- testcases.TC002_coderedRegister -->
