<?xml version="1.0" encoding="UTF-8"?>
<!-- Generated by org.testng.reporters.JUnitReportReporter -->
<testsuite hostname="DESKTOP-JB2P8O7" failures="0" tests="1" name="testcases.TC002_coderedRegister" time="283.615" errors="0" timestamp="2023-07-20T23:10:13 IST" skipped="0">
  <testcase classname="testcases.TC002_coderedRegister" name="codered_test_Registration" time="283.615"/>
  <system-out/>
</testsuite> <!-- testcases.TC002_coderedRegister -->
